<?xml version="1.0" encoding="UTF-8"?>
<testsuite xmlns:xsi="http://www.w3.org/2001/XMLSchema-instance" xsi:noNamespaceSchemaLocation="https://maven.apache.org/surefire/maven-surefire-plugin/xsd/surefire-test-report-3.0.xsd" version="3.0" name="com.student.studentMS.StudentMsApplicationTests" time="3.986" tests="1" errors="0" skipped="0" failures="0">
  <properties>
    <property name="java.specification.version" value="22"/>
    <property name="sun.cpu.isalist" value="amd64"/>
    <property name="sun.jnu.encoding" value="Cp1252"/>
    <property name="java.class.path" value="C:\Users\dinet\Downloads\studentMS\studentMS\target\test-classes;C:\Users\dinet\Downloads\studentMS\studentMS\target\classes;C:\Users\dinet\.m2\repository\org\springframework\boot\spring-boot-starter-data-mongodb\3.3.1\spring-boot-starter-data-mongodb-3.3.1.jar;C:\Users\dinet\.m2\repository\org\springframework\boot\spring-boot-starter\3.3.1\spring-boot-starter-3.3.1.jar;C:\Users\dinet\.m2\repository\org\springframework\boot\spring-boot\3.3.1\spring-boot-3.3.1.jar;C:\Users\dinet\.m2\repository\org\springframework\boot\spring-boot-autoconfigure\3.3.1\spring-boot-autoconfigure-3.3.1.jar;C:\Users\dinet\.m2\repository\org\springframework\boot\spring-boot-starter-logging\3.3.1\spring-boot-starter-logging-3.3.1.jar;C:\Users\dinet\.m2\repository\ch\qos\logback\logback-classic\1.5.6\logback-classic-1.5.6.jar;C:\Users\dinet\.m2\repository\ch\qos\logback\logback-core\1.5.6\logback-core-1.5.6.jar;C:\Users\dinet\.m2\repository\org\apache\logging\log4j\log4j-to-slf4j\2.23.1\log4j-to-slf4j-2.23.1.jar;C:\Users\dinet\.m2\repository\org\apache\logging\log4j\log4j-api\2.23.1\log4j-api-2.23.1.jar;C:\Users\dinet\.m2\repository\org\slf4j\jul-to-slf4j\2.0.13\jul-to-slf4j-2.0.13.jar;C:\Users\dinet\.m2\repository\jakarta\annotation\jakarta.annotation-api\2.1.1\jakarta.annotation-api-2.1.1.jar;C:\Users\dinet\.m2\repository\org\yaml\snakeyaml\2.2\snakeyaml-2.2.jar;C:\Users\dinet\.m2\repository\org\springframework\data\spring-data-mongodb\4.3.1\spring-data-mongodb-4.3.1.jar;C:\Users\dinet\.m2\repository\org\springframework\spring-tx\6.1.10\spring-tx-6.1.10.jar;C:\Users\dinet\.m2\repository\org\springframework\spring-context\6.1.10\spring-context-6.1.10.jar;C:\Users\dinet\.m2\repository\org\springframework\spring-beans\6.1.10\spring-beans-6.1.10.jar;C:\Users\dinet\.m2\repository\org\springframework\spring-expression\6.1.10\spring-expression-6.1.10.jar;C:\Users\dinet\.m2\repository\org\springframework\data\spring-data-commons\3.3.1\spring-data-commons-3.3.1.jar;C:\Users\dinet\.m2\repository\org\slf4j\slf4j-api\2.0.13\slf4j-api-2.0.13.jar;C:\Users\dinet\.m2\repository\org\mongodb\mongodb-driver-sync\5.0.1\mongodb-driver-sync-5.0.1.jar;C:\Users\dinet\.m2\repository\org\mongodb\bson\5.0.1\bson-5.0.1.jar;C:\Users\dinet\.m2\repository\org\mongodb\mongodb-driver-core\5.0.1\mongodb-driver-core-5.0.1.jar;C:\Users\dinet\.m2\repository\org\mongodb\bson-record-codec\5.0.1\bson-record-codec-5.0.1.jar;C:\Users\dinet\.m2\repository\org\springframework\boot\spring-boot-starter-web\3.3.1\spring-boot-starter-web-3.3.1.jar;C:\Users\dinet\.m2\repository\org\springframework\boot\spring-boot-starter-json\3.3.1\spring-boot-starter-json-3.3.1.jar;C:\Users\dinet\.m2\repository\com\fasterxml\jackson\core\jackson-databind\2.17.1\jackson-databind-2.17.1.jar;C:\Users\dinet\.m2\repository\com\fasterxml\jackson\core\jackson-annotations\2.17.1\jackson-annotations-2.17.1.jar;C:\Users\dinet\.m2\repository\com\fasterxml\jackson\core\jackson-core\2.17.1\jackson-core-2.17.1.jar;C:\Users\dinet\.m2\repository\com\fasterxml\jackson\datatype\jackson-datatype-jdk8\2.17.1\jackson-datatype-jdk8-2.17.1.jar;C:\Users\dinet\.m2\repository\com\fasterxml\jackson\datatype\jackson-datatype-jsr310\2.17.1\jackson-datatype-jsr310-2.17.1.jar;C:\Users\dinet\.m2\repository\com\fasterxml\jackson\module\jackson-module-parameter-names\2.17.1\jackson-module-parameter-names-2.17.1.jar;C:\Users\dinet\.m2\repository\org\springframework\boot\spring-boot-starter-tomcat\3.3.1\spring-boot-starter-tomcat-3.3.1.jar;C:\Users\dinet\.m2\repository\org\apache\tomcat\embed\tomcat-embed-core\10.1.25\tomcat-embed-core-10.1.25.jar;C:\Users\dinet\.m2\repository\org\apache\tomcat\embed\tomcat-embed-el\10.1.25\tomcat-embed-el-10.1.25.jar;C:\Users\dinet\.m2\repository\org\apache\tomcat\embed\tomcat-embed-websocket\10.1.25\tomcat-embed-websocket-10.1.25.jar;C:\Users\dinet\.m2\repository\org\springframework\spring-web\6.1.10\spring-web-6.1.10.jar;C:\Users\dinet\.m2\repository\io\micrometer\micrometer-observation\1.13.1\micrometer-observation-1.13.1.jar;C:\Users\dinet\.m2\repository\io\micrometer\micrometer-commons\1.13.1\micrometer-commons-1.13.1.jar;C:\Users\dinet\.m2\repository\org\springframework\spring-webmvc\6.1.10\spring-webmvc-6.1.10.jar;C:\Users\dinet\.m2\repository\org\springframework\spring-aop\6.1.10\spring-aop-6.1.10.jar;C:\Users\dinet\.m2\repository\org\projectlombok\lombok\1.18.32\lombok-1.18.32.jar;C:\Users\dinet\.m2\repository\org\springframework\boot\spring-boot-starter-test\3.3.1\spring-boot-starter-test-3.3.1.jar;C:\Users\dinet\.m2\repository\org\springframework\boot\spring-boot-test\3.3.1\spring-boot-test-3.3.1.jar;C:\Users\dinet\.m2\repository\org\springframework\boot\spring-boot-test-autoconfigure\3.3.1\spring-boot-test-autoconfigure-3.3.1.jar;C:\Users\dinet\.m2\repository\com\jayway\jsonpath\json-path\2.9.0\json-path-2.9.0.jar;C:\Users\dinet\.m2\repository\jakarta\xml\bind\jakarta.xml.bind-api\4.0.2\jakarta.xml.bind-api-4.0.2.jar;C:\Users\dinet\.m2\repository\jakarta\activation\jakarta.activation-api\2.1.3\jakarta.activation-api-2.1.3.jar;C:\Users\dinet\.m2\repository\net\minidev\json-smart\2.5.1\json-smart-2.5.1.jar;C:\Users\dinet\.m2\repository\net\minidev\accessors-smart\2.5.1\accessors-smart-2.5.1.jar;C:\Users\dinet\.m2\repository\org\ow2\asm\asm\9.6\asm-9.6.jar;C:\Users\dinet\.m2\repository\org\assertj\assertj-core\3.25.3\assertj-core-3.25.3.jar;C:\Users\dinet\.m2\repository\net\bytebuddy\byte-buddy\1.14.17\byte-buddy-1.14.17.jar;C:\Users\dinet\.m2\repository\org\awaitility\awaitility\4.2.1\awaitility-4.2.1.jar;C:\Users\dinet\.m2\repository\org\hamcrest\hamcrest\2.2\hamcrest-2.2.jar;C:\Users\dinet\.m2\repository\org\junit\jupiter\junit-jupiter\5.10.2\junit-jupiter-5.10.2.jar;C:\Users\dinet\.m2\repository\org\junit\jupiter\junit-jupiter-api\5.10.2\junit-jupiter-api-5.10.2.jar;C:\Users\dinet\.m2\repository\org\opentest4j\opentest4j\1.3.0\opentest4j-1.3.0.jar;C:\Users\dinet\.m2\repository\org\junit\platform\junit-platform-commons\1.10.2\junit-platform-commons-1.10.2.jar;C:\Users\dinet\.m2\repository\org\apiguardian\apiguardian-api\1.1.2\apiguardian-api-1.1.2.jar;C:\Users\dinet\.m2\repository\org\junit\jupiter\junit-jupiter-params\5.10.2\junit-jupiter-params-5.10.2.jar;C:\Users\dinet\.m2\repository\org\junit\jupiter\junit-jupiter-engine\5.10.2\junit-jupiter-engine-5.10.2.jar;C:\Users\dinet\.m2\repository\org\junit\platform\junit-platform-engine\1.10.2\junit-platform-engine-1.10.2.jar;C:\Users\dinet\.m2\repository\org\mockito\mockito-core\5.11.0\mockito-core-5.11.0.jar;C:\Users\dinet\.m2\repository\net\bytebuddy\byte-buddy-agent\1.14.17\byte-buddy-agent-1.14.17.jar;C:\Users\dinet\.m2\repository\org\objenesis\objenesis\3.3\objenesis-3.3.jar;C:\Users\dinet\.m2\repository\org\mockito\mockito-junit-jupiter\5.11.0\mockito-junit-jupiter-5.11.0.jar;C:\Users\dinet\.m2\repository\org\skyscreamer\jsonassert\1.5.1\jsonassert-1.5.1.jar;C:\Users\dinet\.m2\repository\com\vaadin\external\google\android-json\0.0.20131108.vaadin1\android-json-0.0.20131108.vaadin1.jar;C:\Users\dinet\.m2\repository\org\springframework\spring-core\6.1.10\spring-core-6.1.10.jar;C:\Users\dinet\.m2\repository\org\springframework\spring-jcl\6.1.10\spring-jcl-6.1.10.jar;C:\Users\dinet\.m2\repository\org\springframework\spring-test\6.1.10\spring-test-6.1.10.jar;C:\Users\dinet\.m2\repository\org\xmlunit\xmlunit-core\2.9.1\xmlunit-core-2.9.1.jar;"/>
    <property name="java.vm.vendor" value="Oracle Corporation"/>
    <property name="sun.arch.data.model" value="64"/>
    <property name="user.variant" value=""/>
    <property name="java.vendor.url" value="https://java.oracle.com/"/>
    <property name="user.timezone" value="Asia/Colombo"/>
    <property name="os.name" value="Windows 10"/>
    <property name="java.vm.specification.version" value="22"/>
    <property name="sun.java.launcher" value="SUN_STANDARD"/>
    <property name="user.country" value="US"/>
    <property name="sun.boot.library.path" value="C:\Program Files\Java\jdk-22.0.1\bin"/>
    <property name="sun.java.command" value="C:\Users\dinet\AppData\Local\Temp\surefire5938224352949929059\surefirebooter-20240625163335255_3.jar C:\Users\dinet\AppData\Local\Temp\surefire5938224352949929059 2024-06-25T16-33-35_122-jvmRun1 surefire-20240625163335255_1tmp surefire_0-20240625163335255_2tmp"/>
    <property name="jdk.debug" value="release"/>
    <property name="surefire.test.class.path" value="C:\Users\dinet\Downloads\studentMS\studentMS\target\test-classes;C:\Users\dinet\Downloads\studentMS\studentMS\target\classes;C:\Users\dinet\.m2\repository\org\springframework\boot\spring-boot-starter-data-mongodb\3.3.1\spring-boot-starter-data-mongodb-3.3.1.jar;C:\Users\dinet\.m2\repository\org\springframework\boot\spring-boot-starter\3.3.1\spring-boot-starter-3.3.1.jar;C:\Users\dinet\.m2\repository\org\springframework\boot\spring-boot\3.3.1\spring-boot-3.3.1.jar;C:\Users\dinet\.m2\repository\org\springframework\boot\spring-boot-autoconfigure\3.3.1\spring-boot-autoconfigure-3.3.1.jar;C:\Users\dinet\.m2\repository\org\springframework\boot\spring-boot-starter-logging\3.3.1\spring-boot-starter-logging-3.3.1.jar;C:\Users\dinet\.m2\repository\ch\qos\logback\logback-classic\1.5.6\logback-classic-1.5.6.jar;C:\Users\dinet\.m2\repository\ch\qos\logback\logback-core\1.5.6\logback-core-1.5.6.jar;C:\Users\dinet\.m2\repository\org\apache\logging\log4j\log4j-to-slf4j\2.23.1\log4j-to-slf4j-2.23.1.jar;C:\Users\dinet\.m2\repository\org\apache\logging\log4j\log4j-api\2.23.1\log4j-api-2.23.1.jar;C:\Users\dinet\.m2\repository\org\slf4j\jul-to-slf4j\2.0.13\jul-to-slf4j-2.0.13.jar;C:\Users\dinet\.m2\repository\jakarta\annotation\jakarta.annotation-api\2.1.1\jakarta.annotation-api-2.1.1.jar;C:\Users\dinet\.m2\repository\org\yaml\snakeyaml\2.2\snakeyaml-2.2.jar;C:\Users\dinet\.m2\repository\org\springframework\data\spring-data-mongodb\4.3.1\spring-data-mongodb-4.3.1.jar;C:\Users\dinet\.m2\repository\org\springframework\spring-tx\6.1.10\spring-tx-6.1.10.jar;C:\Users\dinet\.m2\repository\org\springframework\spring-context\6.1.10\spring-context-6.1.10.jar;C:\Users\dinet\.m2\repository\org\springframework\spring-beans\6.1.10\spring-beans-6.1.10.jar;C:\Users\dinet\.m2\repository\org\springframework\spring-expression\6.1.10\spring-expression-6.1.10.jar;C:\Users\dinet\.m2\repository\org\springframework\data\spring-data-commons\3.3.1\spring-data-commons-3.3.1.jar;C:\Users\dinet\.m2\repository\org\slf4j\slf4j-api\2.0.13\slf4j-api-2.0.13.jar;C:\Users\dinet\.m2\repository\org\mongodb\mongodb-driver-sync\5.0.1\mongodb-driver-sync-5.0.1.jar;C:\Users\dinet\.m2\repository\org\mongodb\bson\5.0.1\bson-5.0.1.jar;C:\Users\dinet\.m2\repository\org\mongodb\mongodb-driver-core\5.0.1\mongodb-driver-core-5.0.1.jar;C:\Users\dinet\.m2\repository\org\mongodb\bson-record-codec\5.0.1\bson-record-codec-5.0.1.jar;C:\Users\dinet\.m2\repository\org\springframework\boot\spring-boot-starter-web\3.3.1\spring-boot-starter-web-3.3.1.jar;C:\Users\dinet\.m2\repository\org\springframework\boot\spring-boot-starter-json\3.3.1\spring-boot-starter-json-3.3.1.jar;C:\Users\dinet\.m2\repository\com\fasterxml\jackson\core\jackson-databind\2.17.1\jackson-databind-2.17.1.jar;C:\Users\dinet\.m2\repository\com\fasterxml\jackson\core\jackson-annotations\2.17.1\jackson-annotations-2.17.1.jar;C:\Users\dinet\.m2\repository\com\fasterxml\jackson\core\jackson-core\2.17.1\jackson-core-2.17.1.jar;C:\Users\dinet\.m2\repository\com\fasterxml\jackson\datatype\jackson-datatype-jdk8\2.17.1\jackson-datatype-jdk8-2.17.1.jar;C:\Users\dinet\.m2\repository\com\fasterxml\jackson\datatype\jackson-datatype-jsr310\2.17.1\jackson-datatype-jsr310-2.17.1.jar;C:\Users\dinet\.m2\repository\com\fasterxml\jackson\module\jackson-module-parameter-names\2.17.1\jackson-module-parameter-names-2.17.1.jar;C:\Users\dinet\.m2\repository\org\springframework\boot\spring-boot-starter-tomcat\3.3.1\spring-boot-starter-tomcat-3.3.1.jar;C:\Users\dinet\.m2\repository\org\apache\tomcat\embed\tomcat-embed-core\10.1.25\tomcat-embed-core-10.1.25.jar;C:\Users\dinet\.m2\repository\org\apache\tomcat\embed\tomcat-embed-el\10.1.25\tomcat-embed-el-10.1.25.jar;C:\Users\dinet\.m2\repository\org\apache\tomcat\embed\tomcat-embed-websocket\10.1.25\tomcat-embed-websocket-10.1.25.jar;C:\Users\dinet\.m2\repository\org\springframework\spring-web\6.1.10\spring-web-6.1.10.jar;C:\Users\dinet\.m2\repository\io\micrometer\micrometer-observation\1.13.1\micrometer-observation-1.13.1.jar;C:\Users\dinet\.m2\repository\io\micrometer\micrometer-commons\1.13.1\micrometer-commons-1.13.1.jar;C:\Users\dinet\.m2\repository\org\springframework\spring-webmvc\6.1.10\spring-webmvc-6.1.10.jar;C:\Users\dinet\.m2\repository\org\springframework\spring-aop\6.1.10\spring-aop-6.1.10.jar;C:\Users\dinet\.m2\repository\org\projectlombok\lombok\1.18.32\lombok-1.18.32.jar;C:\Users\dinet\.m2\repository\org\springframework\boot\spring-boot-starter-test\3.3.1\spring-boot-starter-test-3.3.1.jar;C:\Users\dinet\.m2\repository\org\springframework\boot\spring-boot-test\3.3.1\spring-boot-test-3.3.1.jar;C:\Users\dinet\.m2\repository\org\springframework\boot\spring-boot-test-autoconfigure\3.3.1\spring-boot-test-autoconfigure-3.3.1.jar;C:\Users\dinet\.m2\repository\com\jayway\jsonpath\json-path\2.9.0\json-path-2.9.0.jar;C:\Users\dinet\.m2\repository\jakarta\xml\bind\jakarta.xml.bind-api\4.0.2\jakarta.xml.bind-api-4.0.2.jar;C:\Users\dinet\.m2\repository\jakarta\activation\jakarta.activation-api\2.1.3\jakarta.activation-api-2.1.3.jar;C:\Users\dinet\.m2\repository\net\minidev\json-smart\2.5.1\json-smart-2.5.1.jar;C:\Users\dinet\.m2\repository\net\minidev\accessors-smart\2.5.1\accessors-smart-2.5.1.jar;C:\Users\dinet\.m2\repository\org\ow2\asm\asm\9.6\asm-9.6.jar;C:\Users\dinet\.m2\repository\org\assertj\assertj-core\3.25.3\assertj-core-3.25.3.jar;C:\Users\dinet\.m2\repository\net\bytebuddy\byte-buddy\1.14.17\byte-buddy-1.14.17.jar;C:\Users\dinet\.m2\repository\org\awaitility\awaitility\4.2.1\awaitility-4.2.1.jar;C:\Users\dinet\.m2\repository\org\hamcrest\hamcrest\2.2\hamcrest-2.2.jar;C:\Users\dinet\.m2\repository\org\junit\jupiter\junit-jupiter\5.10.2\junit-jupiter-5.10.2.jar;C:\Users\dinet\.m2\repository\org\junit\jupiter\junit-jupiter-api\5.10.2\junit-jupiter-api-5.10.2.jar;C:\Users\dinet\.m2\repository\org\opentest4j\opentest4j\1.3.0\opentest4j-1.3.0.jar;C:\Users\dinet\.m2\repository\org\junit\platform\junit-platform-commons\1.10.2\junit-platform-commons-1.10.2.jar;C:\Users\dinet\.m2\repository\org\apiguardian\apiguardian-api\1.1.2\apiguardian-api-1.1.2.jar;C:\Users\dinet\.m2\repository\org\junit\jupiter\junit-jupiter-params\5.10.2\junit-jupiter-params-5.10.2.jar;C:\Users\dinet\.m2\repository\org\junit\jupiter\junit-jupiter-engine\5.10.2\junit-jupiter-engine-5.10.2.jar;C:\Users\dinet\.m2\repository\org\junit\platform\junit-platform-engine\1.10.2\junit-platform-engine-1.10.2.jar;C:\Users\dinet\.m2\repository\org\mockito\mockito-core\5.11.0\mockito-core-5.11.0.jar;C:\Users\dinet\.m2\repository\net\bytebuddy\byte-buddy-agent\1.14.17\byte-buddy-agent-1.14.17.jar;C:\Users\dinet\.m2\repository\org\objenesis\objenesis\3.3\objenesis-3.3.jar;C:\Users\dinet\.m2\repository\org\mockito\mockito-junit-jupiter\5.11.0\mockito-junit-jupiter-5.11.0.jar;C:\Users\dinet\.m2\repository\org\skyscreamer\jsonassert\1.5.1\jsonassert-1.5.1.jar;C:\Users\dinet\.m2\repository\com\vaadin\external\google\android-json\0.0.20131108.vaadin1\android-json-0.0.20131108.vaadin1.jar;C:\Users\dinet\.m2\repository\org\springframework\spring-core\6.1.10\spring-core-6.1.10.jar;C:\Users\dinet\.m2\repository\org\springframework\spring-jcl\6.1.10\spring-jcl-6.1.10.jar;C:\Users\dinet\.m2\repository\org\springframework\spring-test\6.1.10\spring-test-6.1.10.jar;C:\Users\dinet\.m2\repository\org\xmlunit\xmlunit-core\2.9.1\xmlunit-core-2.9.1.jar;"/>
    <property name="sun.cpu.endian" value="little"/>
    <property name="user.home" value="C:\Users\dinet"/>
    <property name="user.language" value="en"/>
    <property name="java.specification.vendor" value="Oracle Corporation"/>
    <property name="java.version.date" value="2024-04-16"/>
    <property name="java.home" value="C:\Program Files\Java\jdk-22.0.1"/>
    <property name="file.separator" value="\"/>
    <property name="basedir" value="C:\Users\dinet\Downloads\studentMS\studentMS"/>
    <property name="java.vm.compressedOopsMode" value="32-bit"/>
    <property name="line.separator" value="&#10;"/>
    <property name="java.vm.specification.vendor" value="Oracle Corporation"/>
    <property name="java.specification.name" value="Java Platform API Specification"/>
    <property name="FILE_LOG_CHARSET" value="UTF-8"/>
    <property name="java.awt.headless" value="true"/>
    <property name="surefire.real.class.path" value="C:\Users\dinet\AppData\Local\Temp\surefire5938224352949929059\surefirebooter-20240625163335255_3.jar"/>
    <property name="user.script" value=""/>
    <property name="sun.management.compiler" value="HotSpot 64-Bit Tiered Compilers"/>
    <property name="java.runtime.version" value="22.0.1+8-16"/>
    <property name="user.name" value="dinet"/>
    <property name="stdout.encoding" value="Cp1252"/>
    <property name="path.separator" value=";"/>
    <property name="os.version" value="10.0"/>
    <property name="java.runtime.name" value="Java(TM) SE Runtime Environment"/>
    <property name="file.encoding" value="UTF-8"/>
    <property name="java.vm.name" value="Java HotSpot(TM) 64-Bit Server VM"/>
    <property name="localRepository" value="C:\Users\dinet\.m2\repository"/>
    <property name="java.vendor.url.bug" value="https://bugreport.java.com/bugreport/"/>
    <property name="java.io.tmpdir" value="C:\Users\dinet\AppData\Local\Temp\"/>
    <property name="java.version" value="22.0.1"/>
    <property name="user.dir" value="C:\Users\dinet\Downloads\studentMS\studentMS"/>
    <property name="os.arch" value="amd64"/>
    <property name="java.vm.specification.name" value="Java Virtual Machine Specification"/>
    <property name="PID" value="23012"/>
    <property name="sun.os.patch.level" value=""/>
    <property name="CONSOLE_LOG_CHARSET" value="UTF-8"/>
    <property name="native.encoding" value="Cp1252"/>
    <property name="java.library.path" value="C:\Program Files\Java\jdk-22.0.1\bin;C:\WINDOWS\Sun\Java\bin;C:\WINDOWS\system32;C:\WINDOWS;C:\Python312\Scripts\;C:\Python312\;D:\Software\Oracle\WINDOWS.X64_213000_db_home\bin;C:\Windows\system32;C:\Windows;C:\Windows\System32\Wbem;C:\Windows\System32\WindowsPowerShell\v1.0\;C:\Windows\System32\OpenSSH\;C:\Program Files (x86)\NVIDIA Corporation\PhysX\Common;C:\WINDOWS\system32;C:\WINDOWS;C:\WINDOWS\System32\Wbem;C:\WINDOWS\System32\WindowsPowerShell\v1.0\;C:\WINDOWS\System32\OpenSSH\;C:\Program Files (x86)\Microsoft SQL Server\160\Tools\Binn\;C:\Program Files\Microsoft SQL Server\160\Tools\Binn\;C:\Program Files\Microsoft SQL Server\Client SDK\ODBC\170\Tools\Binn\;C:\Program Files\Microsoft SQL Server\160\DTS\Binn\;C:\Program Files (x86)\Microsoft SQL Server\160\DTS\Binn\;C:\Program Files\Azure Data Studio\bin;C:\Program Files\Microsoft SQL Server\150\Tools\Binn\;C:\Program Files\dotnet\;D:\Software\git\Git\cmd;C:\ProgramData\chocolatey\bin;C:\Program Files\nodejs\;%JAVA_HOME%\bin;C:\Users\dinet\AppData\Local\Programs\Python\Python312\Scripts\;C:\Users\dinet\AppData\Local\Programs\Python\Python312\;C:\Users\dinet\AppData\Local\Microsoft\WindowsApps;C:\Program Files\Azure Data Studio\bin;C:\Users\dinet\.dotnet\tools;D:\Software\Intellij  IDEA\IntelliJ IDEA Community Edition 2023.3.4\bin;;D:\Software\VS Code\Microsoft VS Code\bin;C:\Users\dinet\AppData\Roaming\npm;."/>
    <property name="java.vm.info" value="mixed mode, sharing"/>
    <property name="stderr.encoding" value="Cp1252"/>
    <property name="java.vendor" value="Oracle Corporation"/>
    <property name="java.vm.version" value="22.0.1+8-16"/>
    <property name="sun.io.unicode.encoding" value="UnicodeLittle"/>
    <property name="java.class.version" value="66.0"/>
    <property name="LOGGED_APPLICATION_NAME" value="[studentMS] "/>
  </properties>
  <testcase name="contextLoads" classname="com.student.studentMS.StudentMsApplicationTests" time="0.807">
    <system-out><![CDATA[16:33:36.141 [main] INFO org.springframework.test.context.support.AnnotationConfigContextLoaderUtils -- Could not detect default configuration classes for test class [com.student.studentMS.StudentMsApplicationTests]: StudentMsApplicationTests does not declare any static, non-private, non-final, nested classes annotated with @Configuration.
16:33:36.258 [main] INFO org.springframework.boot.test.context.SpringBootTestContextBootstrapper -- Found @SpringBootConfiguration com.student.studentMS.StudentMsApplication for test class com.student.studentMS.StudentMsApplicationTests

  .   ____          _            __ _ _
 /\\ / ___'_ __ _ _(_)_ __  __ _ \ \ \ \
( ( )\___ | '_ | '_| | '_ \/ _` | \ \ \ \
 \\/  ___)| |_)| | | | | || (_| |  ) ) ) )
  '  |____| .__|_| |_|_| |_\__, | / / / /
 =========|_|==============|___/=/_/_/_/

 :: Spring Boot ::                (v3.3.1)

2024-06-25T16:33:36.802+05:30  INFO 23012 --- [studentMS] [           main] c.s.studentMS.StudentMsApplicationTests  : Starting StudentMsApplicationTests using Java 22.0.1 with PID 23012 (started by dinet in C:\Users\dinet\Downloads\studentMS\studentMS)
2024-06-25T16:33:36.803+05:30  INFO 23012 --- [studentMS] [           main] c.s.studentMS.StudentMsApplicationTests  : No active profile set, falling back to 1 default profile: "default"
2024-06-25T16:33:37.470+05:30  INFO 23012 --- [studentMS] [           main] .s.d.r.c.RepositoryConfigurationDelegate : Bootstrapping Spring Data MongoDB repositories in DEFAULT mode.
2024-06-25T16:33:37.520+05:30  INFO 23012 --- [studentMS] [           main] .s.d.r.c.RepositoryConfigurationDelegate : Finished Spring Data repository scanning in 45 ms. Found 1 MongoDB repository interface.
2024-06-25T16:33:38.097+05:30  INFO 23012 --- [studentMS] [           main] org.mongodb.driver.client                : MongoClient with metadata {"driver": {"name": "mongo-java-driver|sync|spring-boot", "version": "5.0.1"}, "os": {"type": "Windows", "name": "Windows 10", "architecture": "amd64", "version": "10.0"}, "platform": "Java/Oracle Corporation/22.0.1+8-16"} created with settings MongoClientSettings{readPreference=primary, writeConcern=WriteConcern{w=null, wTimeout=null ms, journal=null}, retryWrites=true, retryReads=true, readConcern=ReadConcern{level=null}, credential=MongoCredential{mechanism=null, userName='ganeypola', source='admin', password=<hidden>, mechanismProperties=<hidden>}, transportSettings=null, commandListeners=[], codecRegistry=ProvidersCodecRegistry{codecProviders=[ValueCodecProvider{}, BsonValueCodecProvider{}, DBRefCodecProvider{}, DBObjectCodecProvider{}, DocumentCodecProvider{}, CollectionCodecProvider{}, IterableCodecProvider{}, MapCodecProvider{}, GeoJsonCodecProvider{}, GridFSFileCodecProvider{}, Jsr310CodecProvider{}, JsonObjectCodecProvider{}, BsonCodecProvider{}, EnumCodecProvider{}, com.mongodb.client.model.mql.ExpressionCodecProvider@152c4495, com.mongodb.Jep395RecordCodecProvider@5ec1963c, com.mongodb.KotlinCodecProvider@7dcb42a9]}, loggerSettings=LoggerSettings{maxDocumentLength=1000}, clusterSettings={hosts=[127.0.0.1:27017], srvHost=studentdb.kcdsev1.mongodb.net, srvServiceName=mongodb, mode=MULTIPLE, requiredClusterType=REPLICA_SET, requiredReplicaSetName='atlas-x37gu4-shard-0', serverSelector='null', clusterListeners='[]', serverSelectionTimeout='30000 ms', localThreshold='15 ms'}, socketSettings=SocketSettings{connectTimeoutMS=10000, readTimeoutMS=0, receiveBufferSize=0, proxySettings=ProxySettings{host=null, port=null, username=null, password=null}}, heartbeatSocketSettings=SocketSettings{connectTimeoutMS=10000, readTimeoutMS=10000, receiveBufferSize=0, proxySettings=ProxySettings{host=null, port=null, username=null, password=null}}, connectionPoolSettings=ConnectionPoolSettings{maxSize=100, minSize=0, maxWaitTimeMS=120000, maxConnectionLifeTimeMS=0, maxConnectionIdleTimeMS=0, maintenanceInitialDelayMS=0, maintenanceFrequencyMS=60000, connectionPoolListeners=[], maxConnecting=2}, serverSettings=ServerSettings{heartbeatFrequencyMS=10000, minHeartbeatFrequencyMS=500, serverListeners='[]', serverMonitorListeners='[]'}, sslSettings=SslSettings{enabled=true, invalidHostNameAllowed=false, context=null}, applicationName='null', compressorList=[], uuidRepresentation=JAVA_LEGACY, serverApi=null, autoEncryptionSettings=null, dnsClient=null, inetAddressResolver=null, contextProvider=null}
2024-06-25T16:33:38.156+05:30  INFO 23012 --- [studentMS] [ev1.mongodb.net] org.mongodb.driver.cluster               : Adding discovered server ac-vifzerd-shard-00-00.kcdsev1.mongodb.net:27017 to client view of cluster
2024-06-25T16:33:38.196+05:30  INFO 23012 --- [studentMS] [ev1.mongodb.net] org.mongodb.driver.cluster               : Adding discovered server ac-vifzerd-shard-00-01.kcdsev1.mongodb.net:27017 to client view of cluster
2024-06-25T16:33:38.200+05:30  INFO 23012 --- [studentMS] [ev1.mongodb.net] org.mongodb.driver.cluster               : Adding discovered server ac-vifzerd-shard-00-02.kcdsev1.mongodb.net:27017 to client view of cluster
2024-06-25T16:33:39.060+05:30  INFO 23012 --- [studentMS] [           main] c.s.studentMS.StudentMsApplicationTests  : Started StudentMsApplicationTests in 2.617 seconds (process running for 3.635)
2024-06-25T16:33:39.251+05:30  INFO 23012 --- [studentMS] [ngodb.net:27017] org.mongodb.driver.cluster               : Monitor thread successfully connected to server with description ServerDescription{address=ac-vifzerd-shard-00-01.kcdsev1.mongodb.net:27017, type=REPLICA_SET_PRIMARY, state=CONNECTED, ok=true, minWireVersion=0, maxWireVersion=21, maxDocumentSize=16777216, logicalSessionTimeoutMinutes=30, roundTripTimeNanos=543585400, setName='atlas-x37gu4-shard-0', canonicalAddress=ac-vifzerd-shard-00-01.kcdsev1.mongodb.net:27017, hosts=[ac-vifzerd-shard-00-00.kcdsev1.mongodb.net:27017, ac-vifzerd-shard-00-01.kcdsev1.mongodb.net:27017, ac-vifzerd-shard-00-02.kcdsev1.mongodb.net:27017], passives=[], arbiters=[], primary='ac-vifzerd-shard-00-01.kcdsev1.mongodb.net:27017', tagSet=TagSet{[Tag{name='availabilityZone', value='aps1-az3'}, Tag{name='diskState', value='READY'}, Tag{name='nodeType', value='ELECTABLE'}, Tag{name='provider', value='AWS'}, Tag{name='region', value='AP_SOUTH_1'}, Tag{name='workloadType', value='OPERATIONAL'}]}, electionId=7fffffff000000000000003b, setVersion=49, topologyVersion=TopologyVersion{processId=667970e17cc30403befe6732, counter=6}, lastWriteDate=Tue Jun 25 16:33:40 IST 2024, lastUpdateTimeNanos=199160791577800}
2024-06-25T16:33:39.255+05:30  INFO 23012 --- [studentMS] [ngodb.net:27017] org.mongodb.driver.cluster               : Discovered replica set primary ac-vifzerd-shard-00-01.kcdsev1.mongodb.net:27017 with max election id 7fffffff000000000000003b and max set version 49
2024-06-25T16:33:39.270+05:30  INFO 23012 --- [studentMS] [ngodb.net:27017] org.mongodb.driver.cluster               : Monitor thread successfully connected to server with description ServerDescription{address=ac-vifzerd-shard-00-00.kcdsev1.mongodb.net:27017, type=REPLICA_SET_SECONDARY, state=CONNECTED, ok=true, minWireVersion=0, maxWireVersion=21, maxDocumentSize=16777216, logicalSessionTimeoutMinutes=30, roundTripTimeNanos=538907100, setName='atlas-x37gu4-shard-0', canonicalAddress=ac-vifzerd-shard-00-00.kcdsev1.mongodb.net:27017, hosts=[ac-vifzerd-shard-00-00.kcdsev1.mongodb.net:27017, ac-vifzerd-shard-00-01.kcdsev1.mongodb.net:27017, ac-vifzerd-shard-00-02.kcdsev1.mongodb.net:27017], passives=[], arbiters=[], primary='ac-vifzerd-shard-00-01.kcdsev1.mongodb.net:27017', tagSet=TagSet{[Tag{name='availabilityZone', value='aps1-az1'}, Tag{name='diskState', value='READY'}, Tag{name='nodeType', value='ELECTABLE'}, Tag{name='provider', value='AWS'}, Tag{name='region', value='AP_SOUTH_1'}, Tag{name='workloadType', value='OPERATIONAL'}]}, electionId=null, setVersion=49, topologyVersion=TopologyVersion{processId=6679721741d04d508bde7518, counter=4}, lastWriteDate=Tue Jun 25 16:33:40 IST 2024, lastUpdateTimeNanos=199160816080400}
2024-06-25T16:33:39.306+05:30  INFO 23012 --- [studentMS] [ngodb.net:27017] org.mongodb.driver.cluster               : Monitor thread successfully connected to server with description ServerDescription{address=ac-vifzerd-shard-00-02.kcdsev1.mongodb.net:27017, type=REPLICA_SET_SECONDARY, state=CONNECTED, ok=true, minWireVersion=0, maxWireVersion=21, maxDocumentSize=16777216, logicalSessionTimeoutMinutes=30, roundTripTimeNanos=556329500, setName='atlas-x37gu4-shard-0', canonicalAddress=ac-vifzerd-shard-00-02.kcdsev1.mongodb.net:27017, hosts=[ac-vifzerd-shard-00-00.kcdsev1.mongodb.net:27017, ac-vifzerd-shard-00-01.kcdsev1.mongodb.net:27017, ac-vifzerd-shard-00-02.kcdsev1.mongodb.net:27017], passives=[], arbiters=[], primary='ac-vifzerd-shard-00-01.kcdsev1.mongodb.net:27017', tagSet=TagSet{[Tag{name='availabilityZone', value='aps1-az2'}, Tag{name='diskState', value='READY'}, Tag{name='nodeType', value='ELECTABLE'}, Tag{name='provider', value='AWS'}, Tag{name='region', value='AP_SOUTH_1'}, Tag{name='workloadType', value='OPERATIONAL'}]}, electionId=null, setVersion=49, topologyVersion=TopologyVersion{processId=6679736028873e7ba057f919, counter=3}, lastWriteDate=Tue Jun 25 16:33:40 IST 2024, lastUpdateTimeNanos=199160851394700}
]]></system-out>
    <system-err><![CDATA[WARNING: A Java agent has been loaded dynamically (C:\Users\dinet\.m2\repository\net\bytebuddy\byte-buddy-agent\1.14.17\byte-buddy-agent-1.14.17.jar)
WARNING: If a serviceability tool is in use, please run with -XX:+EnableDynamicAgentLoading to hide this warning
WARNING: If a serviceability tool is not in use, please run with -Djdk.instrument.traceUsage for more information
WARNING: Dynamic loading of agents will be disallowed by default in a future release
]]></system-err>
  </testcase>
</testsuite>